09/18/19 18:42:12 v1.34.5 @ WILL-T-PC, 
09/18/19 18:42:12 v1.34.5 @ WILL-T-PC, ****************************
09/18/19 18:42:12 v1.34.5 @ WILL-T-PC, Starting factorization of 999999999999999999999999999999999999999999999999999999999999999999999999999999839999999999999999999999999999999999999999999999999999999999999999999999999999997751
09/18/19 18:42:12 v1.34.5 @ WILL-T-PC, using pretesting plan: normal
09/18/19 18:42:12 v1.34.5 @ WILL-T-PC, no tune info: using qs/gnfs crossover of 95 digits
09/18/19 18:42:12 v1.34.5 @ WILL-T-PC, ****************************
09/18/19 18:42:12 v1.34.5 @ WILL-T-PC, Fermat method found factors:
09/18/19 18:42:12 v1.34.5 @ WILL-T-PC, prp82 = 1000000000000000000000000000000000000000000000000000000000000000000000000000000013
09/18/19 18:42:12 v1.34.5 @ WILL-T-PC, prp81 = 999999999999999999999999999999999999999999999999999999999999999999999999999999827
09/18/19 18:42:12 v1.34.5 @ WILL-T-PC, Total factoring time = 0.1127 seconds
09/18/19 18:42:53 v1.34.5 @ WILL-T-PC, 
09/18/19 18:42:53 v1.34.5 @ WILL-T-PC, ****************************
09/18/19 18:42:53 v1.34.5 @ WILL-T-PC, Starting factorization of 22211149480575639993429030519324903433947913532364781040868963328192510711356813047019777682976897694523708823502748768149007288902843985412808705624398873301639600888468250478096471710461804856036409585519537946352413960371213677893523940481424813184421465313214067723492301317054407961642320909213358344993453825109139928083868146685834149311590508677641684185974469669019522897333475910002506624356655715375691861599282035176111228787146595035293770294934083506588432931535561733381730924617763450268288785249430304809062568532772866407535937947253602671915278827388538023000320823892308918791287865032550658101647
09/18/19 18:42:53 v1.34.5 @ WILL-T-PC, using pretesting plan: normal
09/18/19 18:42:53 v1.34.5 @ WILL-T-PC, no tune info: using qs/gnfs crossover of 95 digits
09/18/19 18:42:53 v1.34.5 @ WILL-T-PC, ****************************
09/18/19 18:42:53 v1.34.5 @ WILL-T-PC, rho: x^2 + 3, starting 800000 iterations on C617
09/18/19 18:42:53 v1.34.5 @ WILL-T-PC, rho: x^2 + 2, starting 800000 iterations on C617
09/18/19 18:43:46 v1.34.5 @ WILL-T-PC, 
09/18/19 18:43:46 v1.34.5 @ WILL-T-PC, ****************************
09/18/19 18:43:46 v1.34.5 @ WILL-T-PC, Starting factorization of 22211149480575639993429030519324903433947913532364781040868963328192510711356813047019777682976897694523708823502748768149007288902843985412808705624398873301639600888468250478096471710461804856036409585519537946352413960371213677893523940481424813184421465313214067723492301317054407961642320909213358344993453825109139928083868146685834149311590508677641684185974469669019522897333475910002506624356655715375691861599282035176111228787146595035293770294934083506588432931535561733381730924617763450268288785249430304809062568532772866407535937947253602671915278827388538023000320823892308918791287865032550658101647
09/18/19 18:43:46 v1.34.5 @ WILL-T-PC, using pretesting plan: normal
09/18/19 18:43:46 v1.34.5 @ WILL-T-PC, no tune info: using qs/gnfs crossover of 95 digits
09/18/19 18:43:46 v1.34.5 @ WILL-T-PC, ****************************
09/18/19 18:43:46 v1.34.5 @ WILL-T-PC, rho: x^2 + 3, starting 800000 iterations on C617
09/18/19 18:43:46 v1.34.5 @ WILL-T-PC, rho: x^2 + 2, starting 800000 iterations on C617
09/18/19 18:45:58 v1.34.5 @ WILL-T-PC, 
09/18/19 18:45:58 v1.34.5 @ WILL-T-PC, ****************************
09/18/19 18:45:58 v1.34.5 @ WILL-T-PC, Starting factorization of 22211149480575639993429030519324903433947913532364781040868963328192510711356813047019777682976897694523708823502748768149007288902843985412808705624398873301639600888468250478096471710461804856036409585519537946352413960371213677893523940481424813184421465313214067723492301317054407961642320909213358344993453825109139928083868146685834149311590508677641684185974469669019522897333475910002506624356655715375691861599282035176111228787146595035293770294934083506588432931535561733381730924617763450268288785249430304809062568532772866407535937947253602671915278827388538023000320823892308918791287865032550658101647
09/18/19 18:45:58 v1.34.5 @ WILL-T-PC, using pretesting plan: normal
09/18/19 18:45:58 v1.34.5 @ WILL-T-PC, no tune info: using qs/gnfs crossover of 95 digits
09/18/19 18:45:58 v1.34.5 @ WILL-T-PC, ****************************
09/18/19 18:45:58 v1.34.5 @ WILL-T-PC, rho: x^2 + 3, starting 1000 iterations on C617
09/18/19 18:45:58 v1.34.5 @ WILL-T-PC, rho: x^2 + 2, starting 1000 iterations on C617
09/18/19 18:45:58 v1.34.5 @ WILL-T-PC, rho: x^2 + 1, starting 1000 iterations on C617
09/18/19 18:45:58 v1.34.5 @ WILL-T-PC, pm1: starting B1 = 150K, B2 = gmp-ecm default on C617
09/18/19 18:50:39 v1.34.5 @ WILL-T-PC, 
09/18/19 18:50:39 v1.34.5 @ WILL-T-PC, ****************************
09/18/19 18:50:39 v1.34.5 @ WILL-T-PC, Starting factorization of 22211149480575639993429030519324903433947913532364781040868963328192510711356813047019777682976897694523708823502748768149007288902843985412808705624398873301639600888468250478096471710461804856036409585519537946352413960371213677893523940481424813184421465313214067723492301317054407961642320909213358344993453825109139928083868146685834149311590508677641684185974469669019522897333475910002506624356655715375691861599282035176111228787146595035293770294934083506588432931535561733381730924617763450268288785249430304809062568532772866407535937947253602671915278827388538023000320823892308918791287865032550658101647
09/18/19 18:50:39 v1.34.5 @ WILL-T-PC, using pretesting plan: normal
09/18/19 18:50:39 v1.34.5 @ WILL-T-PC, no tune info: using qs/gnfs crossover of 95 digits
09/18/19 18:50:39 v1.34.5 @ WILL-T-PC, ****************************
09/18/19 18:50:39 v1.34.5 @ WILL-T-PC, rho: x^2 + 3, starting 1000 iterations on C617
09/18/19 18:50:39 v1.34.5 @ WILL-T-PC, rho: x^2 + 2, starting 1000 iterations on C617
09/18/19 18:50:39 v1.34.5 @ WILL-T-PC, rho: x^2 + 1, starting 1000 iterations on C617
09/18/19 18:50:39 v1.34.5 @ WILL-T-PC, pm1: starting B1 = 150K, B2 = gmp-ecm default on C617
09/18/19 18:51:56 v1.34.5 @ WILL-T-PC, 
09/18/19 18:51:56 v1.34.5 @ WILL-T-PC, ****************************
09/18/19 18:51:56 v1.34.5 @ WILL-T-PC, Starting factorization of 22211149480575639993429030519324903433947913532364781040868963328192510711356813047019777682976897694523708823502748768149007288902843985412808705624398873301639600888468250478096471710461804856036409585519537946352413960371213677893523940481424813184421465313214067723492301317054407961642320909213358344993453825109139928083868146685834149311590508677641684185974469669019522897333475910002506624356655715375691861599282035176111228787146595035293770294934083506588432931535561733381730924617763450268288785249430304809062568532772866407535937947253602671915278827388538023000320823892308918791287865032550658101647
09/18/19 18:51:56 v1.34.5 @ WILL-T-PC, using pretesting plan: normal
09/18/19 18:51:56 v1.34.5 @ WILL-T-PC, no tune info: using qs/gnfs crossover of 95 digits
09/18/19 18:51:56 v1.34.5 @ WILL-T-PC, ****************************
09/18/19 18:51:56 v1.34.5 @ WILL-T-PC, rho: x^2 + 3, starting 1000 iterations on C617
09/18/19 18:51:56 v1.34.5 @ WILL-T-PC, rho: x^2 + 2, starting 1000 iterations on C617
09/18/19 18:51:56 v1.34.5 @ WILL-T-PC, rho: x^2 + 1, starting 1000 iterations on C617
09/18/19 18:51:56 v1.34.5 @ WILL-T-PC, pm1: starting B1 = 150K, B2 = gmp-ecm default on C617
09/18/19 18:51:57 v1.34.5 @ WILL-T-PC, current ECM pretesting depth: 0.00
09/18/19 18:51:57 v1.34.5 @ WILL-T-PC, scheduled 30 curves at B1=2000 toward target pretesting depth of 189.85
09/18/19 18:51:58 v1.34.5 @ WILL-T-PC, Finished 30 curves using Lenstra ECM method on C617 input, B1=2K, B2=gmp-ecm default
09/18/19 18:51:58 v1.34.5 @ WILL-T-PC, current ECM pretesting depth: 15.18
09/18/19 18:51:58 v1.34.5 @ WILL-T-PC, scheduled 74 curves at B1=11000 toward target pretesting depth of 189.85
09/18/19 18:52:15 v1.34.5 @ WILL-T-PC, Finished 74 curves using Lenstra ECM method on C617 input, B1=11K, B2=gmp-ecm default
09/18/19 18:52:15 v1.34.5 @ WILL-T-PC, current ECM pretesting depth: 20.24
09/18/19 18:52:15 v1.34.5 @ WILL-T-PC, scheduled 214 curves at B1=50000 toward target pretesting depth of 189.85
09/18/19 18:55:43 v1.34.5 @ WILL-T-PC, Finished 214 curves using Lenstra ECM method on C617 input, B1=50K, B2=gmp-ecm default
09/18/19 18:55:43 v1.34.5 @ WILL-T-PC, pm1: starting B1 = 3750K, B2 = gmp-ecm default on C617
09/18/19 18:55:52 v1.34.5 @ WILL-T-PC, current ECM pretesting depth: 25.33
09/18/19 18:55:52 v1.34.5 @ WILL-T-PC, scheduled 430 curves at B1=250000 toward target pretesting depth of 189.85
09/18/19 19:28:59 v1.34.5 @ WILL-T-PC, Finished 430 curves using Lenstra ECM method on C617 input, B1=250K, B2=gmp-ecm default
09/18/19 19:28:59 v1.34.5 @ WILL-T-PC, pm1: starting B1 = 15M, B2 = gmp-ecm default on C617
09/18/19 19:29:30 v1.34.5 @ WILL-T-PC, current ECM pretesting depth: 30.45
09/18/19 19:29:30 v1.34.5 @ WILL-T-PC, scheduled 904 curves at B1=1000000 toward target pretesting depth of 189.85
