09/18/19 18:37:53 v1.34.5 @ WILL-T-PC, System/Build Info: 
Using GMP-ECM 6.3, Powered by GMP 5.1.1
cached 78498 primes. pmax = 999983
detected Intel(R) Core(TM) i7-7700K CPU @ 4.20GHz
detected L1 = 32768 bytes, L2 = 8388608 bytes, CL = 64 bytes
measured cpu frequency ~= 4228.518930
using 20 random witnesses for Rabin-Miller PRP checks

09/18/19 18:37:53 v1.34.5 @ WILL-T-PC, New random seeds: 301938416, 2068344928

09/18/19 18:42:12 v1.34.5 @ WILL-T-PC, System/Build Info: 
Using GMP-ECM 6.3, Powered by GMP 5.1.1
cached 78498 primes. pmax = 999983
detected Intel(R) Core(TM) i7-7700K CPU @ 4.20GHz
detected L1 = 32768 bytes, L2 = 8388608 bytes, CL = 64 bytes
measured cpu frequency ~= 4225.079930
using 20 random witnesses for Rabin-Miller PRP checks

09/18/19 18:42:12 v1.34.5 @ WILL-T-PC, New random seeds: 1261718694, 2400574176

09/18/19 18:42:12 v1.34.5 @ WILL-T-PC, Processing expression: factor(999999999999999999999999999999999999999999999999999999999999999999999999999999839999999999999999999999999999999999999999999999999999999999999999999999999999997751)

09/18/19 18:42:53 v1.34.5 @ WILL-T-PC, System/Build Info: 
Using GMP-ECM 6.3, Powered by GMP 5.1.1
cached 78498 primes. pmax = 999983
detected Intel(R) Core(TM) i7-7700K CPU @ 4.20GHz
detected L1 = 32768 bytes, L2 = 8388608 bytes, CL = 64 bytes
measured cpu frequency ~= 4205.112200
using 20 random witnesses for Rabin-Miller PRP checks

09/18/19 18:42:53 v1.34.5 @ WILL-T-PC, New random seeds: 1201206503, 2688255032

09/18/19 18:42:53 v1.34.5 @ WILL-T-PC, Processing expression: factor(22211149480575639993429030519324903433947913532364781040868963328192510711356813047019777682976897694523708823502748768149007288902843985412808705624398873301639600888468250478096471710461804856036409585519537946352413960371213677893523940481424813184421465313214067723492301317054407961642320909213358344993453825109139928083868146685834149311590508677641684185974469669019522897333475910002506624356655715375691861599282035176111228787146595035293770294934083506588432931535561733381730924617763450268288785249430304809062568532772866407535937947253602671915278827388538023000320823892308918791287865032550658101647)

09/18/19 18:43:46 v1.34.5 @ WILL-T-PC, System/Build Info: 
Using GMP-ECM 6.3, Powered by GMP 5.1.1
cached 78498 primes. pmax = 999983
detected Intel(R) Core(TM) i7-7700K CPU @ 4.20GHz
detected L1 = 32768 bytes, L2 = 8388608 bytes, CL = 64 bytes
measured cpu frequency ~= 4210.021700
using 20 random witnesses for Rabin-Miller PRP checks

09/18/19 18:43:46 v1.34.5 @ WILL-T-PC, New random seeds: 4054080114, 2501022560

09/18/19 18:43:46 v1.34.5 @ WILL-T-PC, Processing expression: factor(22211149480575639993429030519324903433947913532364781040868963328192510711356813047019777682976897694523708823502748768149007288902843985412808705624398873301639600888468250478096471710461804856036409585519537946352413960371213677893523940481424813184421465313214067723492301317054407961642320909213358344993453825109139928083868146685834149311590508677641684185974469669019522897333475910002506624356655715375691861599282035176111228787146595035293770294934083506588432931535561733381730924617763450268288785249430304809062568532772866407535937947253602671915278827388538023000320823892308918791287865032550658101647)

09/18/19 18:45:58 v1.34.5 @ WILL-T-PC, System/Build Info: 
Using GMP-ECM 6.3, Powered by GMP 5.1.1
cached 78498 primes. pmax = 999983
detected Intel(R) Core(TM) i7-7700K CPU @ 4.20GHz
detected L1 = 32768 bytes, L2 = 8388608 bytes, CL = 64 bytes
measured cpu frequency ~= 4195.824320
using 20 random witnesses for Rabin-Miller PRP checks

09/18/19 18:45:58 v1.34.5 @ WILL-T-PC, New random seeds: 445730152, 2114840052

09/18/19 18:45:58 v1.34.5 @ WILL-T-PC, Processing expression: factor(22211149480575639993429030519324903433947913532364781040868963328192510711356813047019777682976897694523708823502748768149007288902843985412808705624398873301639600888468250478096471710461804856036409585519537946352413960371213677893523940481424813184421465313214067723492301317054407961642320909213358344993453825109139928083868146685834149311590508677641684185974469669019522897333475910002506624356655715375691861599282035176111228787146595035293770294934083506588432931535561733381730924617763450268288785249430304809062568532772866407535937947253602671915278827388538023000320823892308918791287865032550658101647)

09/18/19 18:49:51 v1.34.5 @ WILL-T-PC, System/Build Info: 
Using GMP-ECM 6.3, Powered by GMP 5.1.1
cached 78498 primes. pmax = 999983
detected Intel(R) Core(TM) i7-7700K CPU @ 4.20GHz
detected L1 = 32768 bytes, L2 = 8388608 bytes, CL = 64 bytes
measured cpu frequency ~= 4227.764300
using 20 random witnesses for Rabin-Miller PRP checks

09/18/19 18:49:51 v1.34.5 @ WILL-T-PC, New random seeds: 1137629640, 1098830380

09/18/19 18:49:51 v1.34.5 @ WILL-T-PC, Processing expression: ecm 22211149480575639993429030519324903433947913532364781040868963328192510711356813047019777682976897694523708823502748768149007288902843985412808705624398873301639600888468250478096471710461804856036409585519537946352413960371213677893523940481424813184421465313214067723492301317054407961642320909213358344993453825109139928083868146685834149311590508677641684185974469669019522897333475910002506624356655715375691861599282035176111228787146595035293770294934083506588432931535561733381730924617763450268288785249430304809062568532772866407535937947253602671915278827388538023000320823892308918791287865032550658101647


09/18/19 18:50:02 v1.34.5 @ WILL-T-PC, System/Build Info: 
Using GMP-ECM 6.3, Powered by GMP 5.1.1
cached 78498 primes. pmax = 999983
detected Intel(R) Core(TM) i7-7700K CPU @ 4.20GHz
detected L1 = 32768 bytes, L2 = 8388608 bytes, CL = 64 bytes
measured cpu frequency ~= 4219.805530
using 20 random witnesses for Rabin-Miller PRP checks

09/18/19 18:50:02 v1.34.5 @ WILL-T-PC, New random seeds: 2973641501, 2209067640

09/18/19 18:50:02 v1.34.5 @ WILL-T-PC, Processing expression: factor 22211149480575639993429030519324903433947913532364781040868963328192510711356813047019777682976897694523708823502748768149007288902843985412808705624398873301639600888468250478096471710461804856036409585519537946352413960371213677893523940481424813184421465313214067723492301317054407961642320909213358344993453825109139928083868146685834149311590508677641684185974469669019522897333475910002506624356655715375691861599282035176111228787146595035293770294934083506588432931535561733381730924617763450268288785249430304809062568532772866407535937947253602671915278827388538023000320823892308918791287865032550658101647


09/18/19 18:50:39 v1.34.5 @ WILL-T-PC, System/Build Info: 
Using GMP-ECM 6.3, Powered by GMP 5.1.1
cached 78498 primes. pmax = 999983
detected Intel(R) Core(TM) i7-7700K CPU @ 4.20GHz
detected L1 = 32768 bytes, L2 = 8388608 bytes, CL = 64 bytes
measured cpu frequency ~= 4224.714290
using 20 random witnesses for Rabin-Miller PRP checks

09/18/19 18:50:39 v1.34.5 @ WILL-T-PC, New random seeds: 2578052198, 1819550172

09/18/19 18:50:39 v1.34.5 @ WILL-T-PC, Processing expression: factor(22211149480575639993429030519324903433947913532364781040868963328192510711356813047019777682976897694523708823502748768149007288902843985412808705624398873301639600888468250478096471710461804856036409585519537946352413960371213677893523940481424813184421465313214067723492301317054407961642320909213358344993453825109139928083868146685834149311590508677641684185974469669019522897333475910002506624356655715375691861599282035176111228787146595035293770294934083506588432931535561733381730924617763450268288785249430304809062568532772866407535937947253602671915278827388538023000320823892308918791287865032550658101647)


09/18/19 18:51:56 v1.34.5 @ WILL-T-PC, System/Build Info: 
Using GMP-ECM 6.3, Powered by GMP 5.1.1
cached 78498 primes. pmax = 999983
detected Intel(R) Core(TM) i7-7700K CPU @ 4.20GHz
detected L1 = 32768 bytes, L2 = 8388608 bytes, CL = 64 bytes
measured cpu frequency ~= 4221.559880
using 20 random witnesses for Rabin-Miller PRP checks

09/18/19 18:51:56 v1.34.5 @ WILL-T-PC, New random seeds: 945818842, 687390044

09/18/19 18:51:56 v1.34.5 @ WILL-T-PC, Processing expression: factor(22211149480575639993429030519324903433947913532364781040868963328192510711356813047019777682976897694523708823502748768149007288902843985412808705624398873301639600888468250478096471710461804856036409585519537946352413960371213677893523940481424813184421465313214067723492301317054407961642320909213358344993453825109139928083868146685834149311590508677641684185974469669019522897333475910002506624356655715375691861599282035176111228787146595035293770294934083506588432931535561733381730924617763450268288785249430304809062568532772866407535937947253602671915278827388538023000320823892308918791287865032550658101647)

